P16 assembler v1.3.2 (May  7 2020)	lab01_opt.lst	Fri Mar 25 10:19:02 2022

Sections
Index   Name            Addresses       Size
0       .text           0000 - 001F     0020 32

Symbols
Name                    Type      Value      Section
if                      LABEL     000C 12    .text
if_end                  LABEL     001E 30    .text
line#37                 LABEL     001E 30    .text
while                   LABEL     0012 18    .text
while_end               LABEL     001E 30    .text

Code listing
   1           	; -----------------------------------------------------------------------------
   2           	; Ficheiro:  lab01.S
   3           	; Descricao: Codigo da 1a atividade de laboratorio optimizado
   4           	; Autores:	 - Tiago M Dias (tiago.dias@isel.pt)
   5           	;			 - Carolina Pereira (A49470@alunos.isel.pt)
   6           	;			 - Pedro Malafaia (A49506@alunos.isel.pt)
   7           	;			 - Roberto Petrisoru (A49418@alunos.isel.pt)
   8           	; Data:		 17-03-2022
   9           	; -----------------------------------------------------------------------------
  10           	
  11           		; r0 guarda o valor da variavel M
  12           		; r1 guarda o valor da variavel m
  13           		; r2 guarda o valor da variavel p
  14           		; r3 e utilizado para guardar valores temporariamente
  15           	
  16 0000 02 60		mov	r2, #0
  17           	
  18 0002 80 B8	    cmp r0, r1
  19 0004 03 4C	    bhs if
  20 0006 03 B0	    mov r3, r0
  21 0008 80 B0	    mov r0, r1
  22 000A 81 B1	    mov r1, r3
  23           	
  24           	if:
  25 000C 03 60		mov r3, #0
  26 000E 80 B9		cmp r0, r3
  27 0010 06 40		beq if_end
  28           	while:
  29 0012 03 60		mov	r3, #0
  30 0014 B0 B8		cmp	r3, r1
  31 0016 03 4C		bhs	while_end
  32 0018 22 80		add	r2, r2, r0
  33 001A 91 A8		sub	r1, r1, #1
  34 001C FA 5B		b	while
  35           	while_end:
  36           	if_end:
  37 001E FF 5B		b	.
